[LOG] System::create                           : Header version = 1.08.15. Current version = 1.08.15.
[LOG] SystemI::init                            : FMOD Studio Version: 00010815 (82192)
[LOG] SystemI::init                            : maxchannels = 256, flags = 00020000, extradriverdata = 0000000000000000
[LOG] SystemI::close                           : 
[LOG] SystemI::close                           : Stop all sounds
[LOG] SystemI::close                           : done.

[LOG] OutputWASAPI::init                       : Mix Format (WAVEFORMATEX): wFormatTag=0xFFFE, nChannels=2, nSamplesPerSec=44100, nAvgBytesPerSec=352800, nBlockAlign=8, wBitsPerSample=32, cbSize=22.
[LOG] OutputWASAPI::init                       : Mix Format (WAVEFORMATEXTENSIBLE): wValidBitsPerSample=32, dwChannelMask=0x00000003, SubFormat=00000003-0000-0010-8000-00AA00389B71.
[LOG] OutputWASAPI::init                       : Output buffer size: 3760 samples, latency: 11.61ms, period: 10.00ms, DSP buffer: 1024 * 4
[WRN] SystemI::init                            : Output requires a sample rate of 44100Hz, resampling will occur.
[LOG] Thread::initThread                       : Initializing FMOD mixer thread.  priority 3
[LOG] Thread::initThread                       : - Stacksize 49152.  Stack pointer 0000000000000000 : usesemaphore = 0 : sleeptime = 0
[LOG] Thread::callback                         : * FMOD mixer thread started
[LOG] SystemI::init                            : Set up emulated output
[LOG] SystemI::init                            : create the channel pool
[LOG] Thread::initThread                       : Initializing FMOD stream thread.  priority 2
[LOG] Thread::initThread                       : - Stacksize 65536.  Stack pointer 0000000000000000 : usesemaphore = 0 : sleeptime = 10
[LOG] Thread::callback                         : * FMOD stream thread started
[LOG] Thread::initThread                       : Initializing FMOD Studio sample load thread.  priority 0
[LOG] Thread::initThread                       : - Stacksize 65536.  Stack pointer 0000000000000000 : usesemaphore = 0 : sleeptime = 1
[LOG] Thread::callback                         : * FMOD Studio sample load thread started
[LOG] Thread::initThread                       : Initializing FMOD Studio bank load thread.  priority 0
[LOG] Thread::initThread                       : - Stacksize 65536.  Stack pointer 0000000000000000 : usesemaphore = 0 : sleeptime = 1
[LOG] Thread::callback                         : * FMOD Studio bank load thread started
[LOG] SoundI::release                          :  (00000000336B2BA8)
[LOG] SoundI::release                          : release subsounds. (00000000336B2BA8)
[LOG] SoundI::release                          :     sfx_Footsteps_Metal_Marker 01 (000000000B88FD28)
[LOG] SoundI::release                          : release codec. (00000000336B2BA8)
[LOG] SoundI::release                          :  (0000000015679BC8)
[LOG] SoundI::release                          : release subsounds. (0000000015679BC8)
[LOG] SoundI::release                          :     sfx_Footsteps_Metal_Marker 02 (0000000032DD6C98)
[LOG] SoundI::release                          : release codec. (0000000015679BC8)
[LOG] SoundI::release                          :  (000000001567A188)
[LOG] SoundI::release                          : release subsounds. (000000001567A188)
[LOG] SoundI::release                          :     sfx_Footsteps_Metal_Marker 03 (0000000032DD61A8)
[LOG] SoundI::release                          : release codec. (000000001567A188)
[LOG] SoundI::release                          :  (00000000336B32D8)
[LOG] SoundI::release                          : release subsounds. (00000000336B32D8)
[LOG] SoundI::release                          :     sfx_Footsteps_Metal_Marker 04 (00000000336B23F8)
[LOG] SoundI::release                          : release codec. (00000000336B32D8)
[LOG] SoundI::release                          :  (00000000336B3168)
[LOG] SoundI::release                          : release subsounds. (00000000336B3168)
[LOG] SoundI::release                          :     sfx__Footsteps _ Wood_ (00000000336B2268)
[LOG] SoundI::release                          : release codec. (00000000336B3168)
[LOG] SoundI::release                          :  (00000000336AE678)
[LOG] SoundI::release                          : release subsounds. (00000000336AE678)
[LOG] SoundI::release                          :     sfx__Footsteps _ Wood_1 (000000000035BC18)
[LOG] SoundI::release                          : release codec. (00000000336AE678)
[LOG] SoundI::release                          :  (00000000336AEC38)
[LOG] SoundI::release                          : release subsounds. (00000000336AEC38)
[LOG] SoundI::release                          :     sfx__Footsteps _ Wood_2 (000000000035C3E8)
[LOG] SoundI::release                          : release codec. (00000000336AEC38)
[LOG] SoundI::release                          :  (0000000015679EA8)
[LOG] SoundI::release                          : release subsounds. (0000000015679EA8)
[LOG] SoundI::release                          :     sfx__Footsteps _ Wood_3 (000000000B890368)
[LOG] SoundI::release                          : release codec. (0000000015679EA8)
[LOG] SoundI::release                          :  (00000000336AE508)
[LOG] SoundI::release                          : release subsounds. (00000000336AE508)
[LOG] SoundI::release                          :     sfx__Footsteps _ Wood_4 (00000000336B1F48)
[LOG] SoundI::release                          : release codec. (00000000336AE508)
[LOG] SoundI::release                          :  (00000000336AE228)
[LOG] SoundI::release                          : release subsounds. (00000000336AE228)
[LOG] SoundI::release                          :     sfx_Footsteps_Snow_01 (00000000336B1778)
[LOG] SoundI::release                          : release codec. (00000000336AE228)
[LOG] SoundI::release                          :  (0000000015679D38)
[LOG] SoundI::release                          : release subsounds. (0000000015679D38)
[LOG] SoundI::release                          :     sfx_Footsteps_Snow_02 (0000000032DD5CF8)
[LOG] SoundI::release                          : release codec. (0000000015679D38)
[LOG] SoundI::release                          :  (00000000336AEAC8)
[LOG] SoundI::release                          : release subsounds. (00000000336AEAC8)
[LOG] SoundI::release                          :     sfx_Footsteps_Snow_03 (000000000035C708)
[LOG] SoundI::release                          : release codec. (00000000336AEAC8)
[LOG] SoundI::release                          :  (00000000336B2FF8)
[LOG] SoundI::release                          : release subsounds. (00000000336B2FF8)
[LOG] SoundI::release                          :     sfx_Footsteps_Snow_04 (00000000336B1C28)
[LOG] SoundI::release                          : release codec. (00000000336B2FF8)
[LOG] SoundI::release                          :  (00000000336AE398)
[LOG] SoundI::release                          : release subsounds. (00000000336AE398)
[LOG] SoundI::release                          :     BT05 - 41 Waves - Close-up To Medium Distance - Trimmed (00000000336B15E8)
[LOG] SoundI::release                          : release codec. (00000000336AE398)
[LOG] SoundI::release                          :  (00000000336B2A38)
[LOG] SoundI::release                          : release subsounds. (00000000336B2A38)
[LOG] SoundI::release                          :     BT05 - 41 Waves - Close-up To Medium Distance - Trimmed (2) (000000000B88FB98)
[LOG] SoundI::release                          : release codec. (00000000336B2A38)
[LOG] SoundI::release                          :  (00000000336B2D18)
[LOG] SoundI::release                          : release subsounds. (00000000336B2D18)
[LOG] SoundI::release                          :     GameJam 2017 Caligula_Low3 (000000000B890818)
[LOG] SoundI::release                          : release codec. (00000000336B2D18)
[LOG] SoundI::release                          :  (000000001567A018)
[LOG] SoundI::release                          : release subsounds. (000000001567A018)
[LOG] SoundI::release                          :     BT05 - 41 Waves - Close-up To Medium Distance - Trimmed (3) (0000000032DD7468)
[LOG] SoundI::release                          : release codec. (000000001567A018)
[LOG] SoundI::release                          :  (0000000015679608)
[LOG] SoundI::release                          : release subsounds. (0000000015679608)
[LOG] SoundI::release                          :     GameJam 2017 Caligula_Low_Drums (0000000032DD6E28)
[LOG] SoundI::release                          : release codec. (0000000015679608)
[LOG] SoundI::release                          :  (00000000336B25E8)
[LOG] SoundI::release                          : release subsounds. (00000000336B25E8)
[LOG] SoundI::release                          :     GameJam 2017 Caligula_HIGHNEW (000000000B890048)
[LOG] SoundI::release                          : release codec. (00000000336B25E8)
[LOG] SoundI::release                          :  (00000000336B2758)
[LOG] SoundI::release                          : release subsounds. (00000000336B2758)
[LOG] SoundI::release                          :     sfx_Splash1 (000000000B88FEB8)
[LOG] SoundI::release                          : release codec. (00000000336B2758)
[LOG] SoundI::release                          :  (00000000336B2E88)
[LOG] SoundI::release                          : release subsounds. (00000000336B2E88)
[LOG] SoundI::release                          :     sfx_Splash2 (00000000336B1A98)
[LOG] SoundI::release                          : release codec. (00000000336B2E88)
[LOG] SoundI::release                          :  (00000000336AE7E8)
[LOG] SoundI::release                          : release subsounds. (00000000336AE7E8)
[LOG] SoundI::release                          :     sfx_Splash3 (000000000035C258)
[LOG] SoundI::release                          : release codec. (00000000336AE7E8)
[LOG] SoundI::release                          :  (00000000336B28C8)
[LOG] SoundI::release                          : release subsounds. (00000000336B28C8)
[LOG] SoundI::release                          :     sfx_Swimming (000000000B890688)
[LOG] SoundI::release                          : release codec. (00000000336B28C8)
[LOG] SoundI::release                          :  (00000000336AE958)
[LOG] SoundI::release                          : release subsounds. (00000000336AE958)
[LOG] SoundI::release                          :     GameJam 2017 Caligula_Lose (000000000035CA28)
[LOG] SoundI::release                          : release codec. (00000000336AE958)
[LOG] Thread::callback                         : * FMOD Studio update thread finished
[LOG] Thread::close                            : FMOD Studio update thread thread destroyed
[LOG] Thread::callback                         : * FMOD Studio bank load thread finished
[LOG] Thread::close                            : FMOD Studio bank load thread thread destroyed
[LOG] Profile::disconnectAll                   : Profiler disconnecting all clients
[LOG] Thread::callback                         : * FMOD Studio sample load thread finished
[LOG] Thread::close                            : FMOD Studio sample load thread thread destroyed
[LOG] LiveUpdate::release                      : 
[LOG] LiveUpdate::reset                        : Reset connection (reason Disconnected)
[LOG] SystemI::close                           : 
[LOG] SystemI::close                           : Stop all sounds
[LOG] Thread::callback                         : * FMOD stream thread finished
[LOG] Thread::close                            : FMOD stream thread thread destroyed
[LOG] SystemI::close                           : Stream thread destroyed
[LOG] Thread::callback                         : * FMOD mixer thread finished
[LOG] Thread::close                            : FMOD mixer thread thread destroyed
[LOG] SystemI::close                           : Free master channel group.
[LOG] SystemI::close                           : Remove 'master' sound group.
[LOG] SystemI::close                           : Free software output.
[LOG] SystemI::close                           : Free emulated output.
[LOG] SystemI::close                           : Free channel pool.
[LOG] SystemI::close                           : done.

