[LOG] SystemI::init                            : FMOD Studio Version: 00010815 (82192)
[LOG] SystemI::init                            : maxchannels = 1024, flags = 00030000, extradriverdata = 0000000000000000
[LOG] SystemI::close                           : 
[LOG] SystemI::close                           : Stop all sounds
[LOG] SystemI::close                           : done.

[LOG] OutputWASAPI::init                       : Mix Format (WAVEFORMATEX): wFormatTag=0xFFFE, nChannels=2, nSamplesPerSec=44100, nAvgBytesPerSec=352800, nBlockAlign=8, wBitsPerSample=32, cbSize=22.
[LOG] OutputWASAPI::init                       : Mix Format (WAVEFORMATEXTENSIBLE): wValidBitsPerSample=32, dwChannelMask=0x00000003, SubFormat=00000003-0000-0010-8000-00AA00389B71.
[LOG] OutputWASAPI::init                       : Output buffer size: 3760 samples, latency: 11.61ms, period: 10.16ms, DSP buffer: 1024 * 4
[WRN] SystemI::init                            : Output requires a sample rate of 44100Hz, resampling will occur.
[LOG] Thread::initThread                       : Initializing FMOD mixer thread.  priority 3
[LOG] Thread::initThread                       : - Stacksize 49152.  Stack pointer 0000000000000000 : usesemaphore = 0 : sleeptime = 0
[LOG] Thread::callback                         : * FMOD mixer thread started
[LOG] SystemI::init                            : Set up emulated output
[LOG] SystemI::init                            : create the channel pool
[LOG] Thread::initThread                       : Initializing FMOD stream thread.  priority 2
[LOG] Thread::initThread                       : - Stacksize 65536.  Stack pointer 0000000000000000 : usesemaphore = 0 : sleeptime = 10
[LOG] Thread::callback                         : * FMOD stream thread started
[LOG] Thread::initThread                       : Initializing FMOD Studio update thread.  priority 0
[LOG] Thread::initThread                       : - Stacksize 65536.  Stack pointer 0000000000000000 : usesemaphore = 0 : sleeptime = 1
[LOG] Thread::callback                         : * FMOD Studio update thread started
[LOG] Thread::initThread                       : Initializing FMOD Studio sample load thread.  priority 0
[LOG] Thread::initThread                       : - Stacksize 65536.  Stack pointer 0000000000000000 : usesemaphore = 0 : sleeptime = 1
[LOG] Thread::callback                         : * FMOD Studio sample load thread started
[LOG] LiveUpdate::init                         : 
[LOG] Thread::initThread                       : Initializing FMOD Studio bank load thread.  priority 0
[LOG] Thread::initThread                       : - Stacksize 65536.  Stack pointer 0000000000000000 : usesemaphore = 0 : sleeptime = 1
[LOG] Thread::callback                         : * FMOD Studio bank load thread started
[LOG] Profile::init                            : Profiler listening on port: 9264
[LOG] Manager::readBank                        : fileversion = 80, compatVersion = 70 (oldest = 44, newest = 80)
[LOG] Manager::readBank                        : fileversion = 80, compatVersion = 70 (oldest = 44, newest = 80)
[LOG] PlaybackSystem::acquireMasterBus         : Setting master channel group format to 6
[LOG] SystemI::createSoundInternal             : filename =  : mode 02000202
[LOG] SystemI::createSoundInternal             : exinfo->cbsize             = 232
[LOG] SystemI::createSoundInternal             : exinfo->length             = 3621792
[LOG] SystemI::createSoundInternal             : exinfo->fileoffset         = 32800
[LOG] SystemI::createSoundInternal             : exinfo->numsubsounds       = 1
[LOG] SystemI::createSoundInternal             : exinfo->inclusionlist      = 000000002F69FB38
[LOG] SystemI::createSoundInternal             : exinfo->inclusionlistnum   = 1
[LOG] SystemI::createSoundInternal             : exinfo->suggestedsoundtype = 5
[LOG] SystemI::createSoundInternal             : exinfo->useropen           = 000007FEE47B5130
[LOG] SystemI::createSoundInternal             : exinfo->userclose          = 000007FEE47B5100
[LOG] SystemI::createSoundInternal             : exinfo->userread           = 000007FEE47B5200
[LOG] SystemI::createSoundInternal             : exinfo->userseek           = 000007FEE47B52B0
[LOG] SystemI::createSoundInternal             : exinfo->fileuserdata       = 000000002CF90878
[LOG] SystemI::createSoundInternal             : exinfo->initialseekpostype = 1
[LOG] SystemI::createSoundInternal             : Format has 1 subsounds.
[LOG] SystemI::createSoundInternal             : Create as FMOD_CREATESAMPLE
[LOG] SystemI::createSoundInternal             : Multi-sample sound (1 subsounds), create a sample container.
[LOG] SystemI::createSoundInternal             : creating subsound 0/1
[LOG] SystemI::createSample                    : mode 02000202 length 28006 samples, lengthbytes 6080
[LOG] SystemI::createSample                    : channels = 2
[LOG] SystemI::createSample                    : output = 000000002CDB79E8
[LOG] OutputSoftware::createSample             : lengthpcm 28006, lengthbytes 6080, channels 2, format 2, freq 48000, mode 0200020a
[LOG] SystemI::createSoundInternal             : No name found in file, use filename.
[LOG] SystemI::createSoundInternal             : done.  OpenState now = FMOD_OPENSTATE_READY.

[LOG] SystemI::createSoundInternal             : filename =  : mode 02000202
[LOG] SystemI::createSoundInternal             : exinfo->cbsize             = 232
[LOG] SystemI::createSoundInternal             : exinfo->length             = 3621792
[LOG] SystemI::createSoundInternal             : exinfo->fileoffset         = 32800
[LOG] SystemI::createSoundInternal             : exinfo->numsubsounds       = 1
[LOG] SystemI::createSoundInternal             : exinfo->inclusionlist      = 000000002F69FB38
[LOG] SystemI::createSoundInternal             : exinfo->inclusionlistnum   = 1
[LOG] SystemI::createSoundInternal             : exinfo->suggestedsoundtype = 5
[LOG] SystemI::createSoundInternal             : exinfo->useropen           = 000007FEE47B5130
[LOG] SystemI::createSoundInternal             : exinfo->userclose          = 000007FEE47B5100
[LOG] SystemI::createSoundInternal             : exinfo->userread           = 000007FEE47B5200
[LOG] SystemI::createSoundInternal             : exinfo->userseek           = 000007FEE47B52B0
[LOG] SystemI::createSoundInternal             : exinfo->fileuserdata       = 000000002CF90878
[LOG] SystemI::createSoundInternal             : exinfo->initialseekpostype = 1
[LOG] SystemI::createSoundInternal             : Format has 1 subsounds.
[LOG] SystemI::createSoundInternal             : Create as FMOD_CREATESAMPLE
[LOG] SystemI::createSoundInternal             : Multi-sample sound (1 subsounds), create a sample container.
[LOG] SystemI::createSoundInternal             : creating subsound 0/1
[LOG] SystemI::createSample                    : mode 02000202 length 34429 samples, lengthbytes 7808
[LOG] SystemI::createSample                    : channels = 2
[LOG] SystemI::createSample                    : output = 000000002CDB79E8
[LOG] OutputSoftware::createSample             : lengthpcm 34429, lengthbytes 7808, channels 2, format 2, freq 48000, mode 0200020a
[LOG] SystemI::createSoundInternal             : No name found in file, use filename.
[LOG] SystemI::createSoundInternal             : done.  OpenState now = FMOD_OPENSTATE_READY.

[LOG] SystemI::createSoundInternal             : filename =  : mode 02000202
[LOG] SystemI::createSoundInternal             : exinfo->cbsize             = 232
[LOG] SystemI::createSoundInternal             : exinfo->length             = 3621792
[LOG] SystemI::createSoundInternal             : exinfo->fileoffset         = 32800
[LOG] SystemI::createSoundInternal             : exinfo->numsubsounds       = 1
[LOG] SystemI::createSoundInternal             : exinfo->inclusionlist      = 000000002F69FB38
[LOG] SystemI::createSoundInternal             : exinfo->inclusionlistnum   = 1
[LOG] SystemI::createSoundInternal             : exinfo->suggestedsoundtype = 5
[LOG] SystemI::createSoundInternal             : exinfo->useropen           = 000007FEE47B5130
[LOG] SystemI::createSoundInternal             : exinfo->userclose          = 000007FEE47B5100
[LOG] SystemI::createSoundInternal             : exinfo->userread           = 000007FEE47B5200
[LOG] SystemI::createSoundInternal             : exinfo->userseek           = 000007FEE47B52B0
[LOG] SystemI::createSoundInternal             : exinfo->fileuserdata       = 000000002CF90878
[LOG] SystemI::createSoundInternal             : exinfo->initialseekpostype = 1
[LOG] SystemI::createSoundInternal             : Format has 1 subsounds.
[LOG] SystemI::createSoundInternal             : Create as FMOD_CREATESAMPLE
[LOG] SystemI::createSoundInternal             : Multi-sample sound (1 subsounds), create a sample container.
[LOG] SystemI::createSoundInternal             : creating subsound 0/1
[LOG] SystemI::createSample                    : mode 02000202 length 31343 samples, lengthbytes 7008
[LOG] SystemI::createSample                    : channels = 2
[LOG] SystemI::createSample                    : output = 000000002CDB79E8
[LOG] OutputSoftware::createSample             : lengthpcm 31343, lengthbytes 7008, channels 2, format 2, freq 48000, mode 0200020a
[LOG] SystemI::createSoundInternal             : No name found in file, use filename.
[LOG] SystemI::createSoundInternal             : done.  OpenState now = FMOD_OPENSTATE_READY.

[LOG] SystemI::createSoundInternal             : filename =  : mode 02000202
[LOG] SystemI::createSoundInternal             : exinfo->cbsize             = 232
[LOG] SystemI::createSoundInternal             : exinfo->length             = 3621792
[LOG] SystemI::createSoundInternal             : exinfo->fileoffset         = 32800
[LOG] SystemI::createSoundInternal             : exinfo->numsubsounds       = 1
[LOG] SystemI::createSoundInternal             : exinfo->inclusionlist      = 000000002F69FB38
[LOG] SystemI::createSoundInternal             : exinfo->inclusionlistnum   = 1
[LOG] SystemI::createSoundInternal             : exinfo->suggestedsoundtype = 5
[LOG] SystemI::createSoundInternal             : exinfo->useropen           = 000007FEE47B5130
[LOG] SystemI::createSoundInternal             : exinfo->userclose          = 000007FEE47B5100
[LOG] SystemI::createSoundInternal             : exinfo->userread           = 000007FEE47B5200
[LOG] SystemI::createSoundInternal             : exinfo->userseek           = 000007FEE47B52B0
[LOG] SystemI::createSoundInternal             : exinfo->fileuserdata       = 000000002CF90878
[LOG] SystemI::createSoundInternal             : exinfo->initialseekpostype = 1
[LOG] SystemI::createSoundInternal             : Format has 1 subsounds.
[LOG] SystemI::createSoundInternal             : Create as FMOD_CREATESAMPLE
[LOG] SystemI::createSoundInternal             : Multi-sample sound (1 subsounds), create a sample container.
[LOG] SystemI::createSoundInternal             : creating subsound 0/1
[LOG] SystemI::createSample                    : mode 02000202 length 52800 samples, lengthbytes 11520
[LOG] SystemI::createSample                    : channels = 2
[LOG] SystemI::createSample                    : output = 000000002CDB79E8
[LOG] OutputSoftware::createSample             : lengthpcm 52800, lengthbytes 11520, channels 2, format 2, freq 48000, mode 0200020a
[LOG] SystemI::createSoundInternal             : No name found in file, use filename.
[LOG] SystemI::createSoundInternal             : done.  OpenState now = FMOD_OPENSTATE_READY.

[LOG] SystemI::createSoundInternal             : filename =  : mode 02000202
[LOG] SystemI::createSoundInternal             : exinfo->cbsize             = 232
[LOG] SystemI::createSoundInternal             : exinfo->length             = 3621792
[LOG] SystemI::createSoundInternal             : exinfo->fileoffset         = 32800
[LOG] SystemI::createSoundInternal             : exinfo->numsubsounds       = 1
[LOG] SystemI::createSoundInternal             : exinfo->inclusionlist      = 000000002F69FB38
[LOG] SystemI::createSoundInternal             : exinfo->inclusionlistnum   = 1
[LOG] SystemI::createSoundInternal             : exinfo->suggestedsoundtype = 5
[LOG] SystemI::createSoundInternal             : exinfo->useropen           = 000007FEE47B5130
[LOG] SystemI::createSoundInternal             : exinfo->userclose          = 000007FEE47B5100
[LOG] SystemI::createSoundInternal             : exinfo->userread           = 000007FEE47B5200
[LOG] SystemI::createSoundInternal             : exinfo->userseek           = 000007FEE47B52B0
[LOG] SystemI::createSoundInternal             : exinfo->fileuserdata       = 000000002CF90878
[LOG] SystemI::createSoundInternal             : exinfo->initialseekpostype = 1
[LOG] SystemI::createSoundInternal             : Format has 1 subsounds.
[LOG] SystemI::createSoundInternal             : Create as FMOD_CREATESAMPLE
[LOG] SystemI::createSoundInternal             : Multi-sample sound (1 subsounds), create a sample container.
[LOG] SystemI::createSoundInternal             : creating subsound 0/1
[LOG] SystemI::createSample                    : mode 02000202 length 102739 samples, lengthbytes 19040
[LOG] SystemI::createSample                    : channels = 2
[LOG] SystemI::createSample                    : output = 000000002CDB79E8
[LOG] OutputSoftware::createSample             : lengthpcm 102739, lengthbytes 19040, channels 2, format 2, freq 48000, mode 0200020a
[LOG] SystemI::createSoundInternal             : No name found in file, use filename.
[LOG] SystemI::createSoundInternal             : done.  OpenState now = FMOD_OPENSTATE_READY.

[LOG] SystemI::createSoundInternal             : filename =  : mode 02000202
[LOG] SystemI::createSoundInternal             : exinfo->cbsize             = 232
[LOG] SystemI::createSoundInternal             : exinfo->length             = 3621792
[LOG] SystemI::createSoundInternal             : exinfo->fileoffset         = 32800
[LOG] SystemI::createSoundInternal             : exinfo->numsubsounds       = 1
[LOG] SystemI::createSoundInternal             : exinfo->inclusionlist      = 000000002F69FB38
[LOG] SystemI::createSoundInternal             : exinfo->inclusionlistnum   = 1
[LOG] SystemI::createSoundInternal             : exinfo->suggestedsoundtype = 5
[LOG] SystemI::createSoundInternal             : exinfo->useropen           = 000007FEE47B5130
[LOG] SystemI::createSoundInternal             : exinfo->userclose          = 000007FEE47B5100
[LOG] SystemI::createSoundInternal             : exinfo->userread           = 000007FEE47B5200
[LOG] SystemI::createSoundInternal             : exinfo->userseek           = 000007FEE47B52B0
[LOG] SystemI::createSoundInternal             : exinfo->fileuserdata       = 000000002CF90878
[LOG] SystemI::createSoundInternal             : exinfo->initialseekpostype = 1
[LOG] SystemI::createSoundInternal             : Format has 1 subsounds.
[LOG] SystemI::createSoundInternal             : Create as FMOD_CREATESAMPLE
[LOG] SystemI::createSoundInternal             : Multi-sample sound (1 subsounds), create a sample container.
[LOG] SystemI::createSoundInternal             : creating subsound 0/1
[LOG] SystemI::createSample                    : mode 02000202 length 268800 samples, lengthbytes 56256
[LOG] SystemI::createSample                    : channels = 2
[LOG] SystemI::createSample                    : output = 000000002CDB79E8
[LOG] OutputSoftware::createSample             : lengthpcm 268800, lengthbytes 56256, channels 2, format 2, freq 48000, mode 0200020a
[LOG] SystemI::createSoundInternal             : No name found in file, use filename.
[LOG] SystemI::createSoundInternal             : done.  OpenState now = FMOD_OPENSTATE_READY.

[LOG] SystemI::createSoundInternal             : filename =  : mode 02000202
[LOG] SystemI::createSoundInternal             : exinfo->cbsize             = 232
[LOG] SystemI::createSoundInternal             : exinfo->length             = 3621792
[LOG] SystemI::createSoundInternal             : exinfo->fileoffset         = 32800
[LOG] SystemI::createSoundInternal             : exinfo->numsubsounds       = 1
[LOG] SystemI::createSoundInternal             : exinfo->inclusionlist      = 000000002F69FB38
[LOG] SystemI::createSoundInternal             : exinfo->inclusionlistnum   = 1
[LOG] SystemI::createSoundInternal             : exinfo->suggestedsoundtype = 5
[LOG] SystemI::createSoundInternal             : exinfo->useropen           = 000007FEE47B5130
[LOG] SystemI::createSoundInternal             : exinfo->userclose          = 000007FEE47B5100
[LOG] SystemI::createSoundInternal             : exinfo->userread           = 000007FEE47B5200
[LOG] SystemI::createSoundInternal             : exinfo->userseek           = 000007FEE47B52B0
[LOG] SystemI::createSoundInternal             : exinfo->fileuserdata       = 000000002CF90878
[LOG] SystemI::createSoundInternal             : exinfo->initialseekpostype = 1
[LOG] SystemI::createSoundInternal             : Format has 1 subsounds.
[LOG] SystemI::createSoundInternal             : Create as FMOD_CREATESAMPLE
[LOG] SystemI::createSoundInternal             : Multi-sample sound (1 subsounds), create a sample container.
[LOG] SystemI::createSoundInternal             : creating subsound 0/1
[LOG] SystemI::createSample                    : mode 02000202 length 30962 samples, lengthbytes 6880
[LOG] SystemI::createSample                    : channels = 2
[LOG] SystemI::createSample                    : output = 000000002CDB79E8
[LOG] OutputSoftware::createSample             : lengthpcm 30962, lengthbytes 6880, channels 2, format 2, freq 48000, mode 0200020a
[LOG] SystemI::createSoundInternal             : No name found in file, use filename.
[LOG] SystemI::createSoundInternal             : done.  OpenState now = FMOD_OPENSTATE_READY.

[LOG] SystemI::createSoundInternal             : filename =  : mode 02000202
[LOG] SystemI::createSoundInternal             : exinfo->cbsize             = 232
[LOG] SystemI::createSoundInternal             : exinfo->length             = 3621792
[LOG] SystemI::createSoundInternal             : exinfo->fileoffset         = 32800
[LOG] SystemI::createSoundInternal             : exinfo->numsubsounds       = 1
[LOG] SystemI::createSoundInternal             : exinfo->inclusionlist      = 000000002F69FB38
[LOG] SystemI::createSoundInternal             : exinfo->inclusionlistnum   = 1
[LOG] SystemI::createSoundInternal             : exinfo->suggestedsoundtype = 5
[LOG] SystemI::createSoundInternal             : exinfo->useropen           = 000007FEE47B5130
[LOG] SystemI::createSoundInternal             : exinfo->userclose          = 000007FEE47B5100
[LOG] SystemI::createSoundInternal             : exinfo->userread           = 000007FEE47B5200
[LOG] SystemI::createSoundInternal             : exinfo->userseek           = 000007FEE47B52B0
[LOG] SystemI::createSoundInternal             : exinfo->fileuserdata       = 000000002CF90878
[LOG] SystemI::createSoundInternal             : exinfo->initialseekpostype = 1
[LOG] SystemI::createSoundInternal             : Format has 1 subsounds.
[LOG] SystemI::createSoundInternal             : Create as FMOD_CREATESAMPLE
[LOG] SystemI::createSoundInternal             : Multi-sample sound (1 subsounds), create a sample container.
[LOG] SystemI::createSoundInternal             : creating subsound 0/1
[LOG] SystemI::createSample                    : mode 02000202 length 107311 samples, lengthbytes 21568
[LOG] SystemI::createSample                    : channels = 2
[LOG] SystemI::createSample                    : output = 000000002CDB79E8
[LOG] OutputSoftware::createSample             : lengthpcm 107311, lengthbytes 21568, channels 2, format 2, freq 48000, mode 0200020a
[LOG] SystemI::createSoundInternal             : No name found in file, use filename.
[LOG] SystemI::createSoundInternal             : done.  OpenState now = FMOD_OPENSTATE_READY.

[LOG] SystemI::createSoundInternal             : filename =  : mode 02000202
[LOG] SystemI::createSoundInternal             : exinfo->cbsize             = 232
[LOG] SystemI::createSoundInternal             : exinfo->length             = 3621792
[LOG] SystemI::createSoundInternal             : exinfo->fileoffset         = 32800
[LOG] SystemI::createSoundInternal             : exinfo->numsubsounds       = 1
[LOG] SystemI::createSoundInternal             : exinfo->inclusionlist      = 000000002F69FB38
[LOG] SystemI::createSoundInternal             : exinfo->inclusionlistnum   = 1
[LOG] SystemI::createSoundInternal             : exinfo->suggestedsoundtype = 5
[LOG] SystemI::createSoundInternal             : exinfo->useropen           = 000007FEE47B5130
[LOG] SystemI::createSoundInternal             : exinfo->userclose          = 000007FEE47B5100
[LOG] SystemI::createSoundInternal             : exinfo->userread           = 000007FEE47B5200
[LOG] SystemI::createSoundInternal             : exinfo->userseek           = 000007FEE47B52B0
[LOG] SystemI::createSoundInternal             : exinfo->fileuserdata       = 000000002CF90878
[LOG] SystemI::createSoundInternal             : exinfo->initialseekpostype = 1
[LOG] SystemI::createSoundInternal             : Format has 1 subsounds.
[LOG] SystemI::createSoundInternal             : Create as FMOD_CREATESAMPLE
[LOG] SystemI::createSoundInternal             : Multi-sample sound (1 subsounds), create a sample container.
[LOG] SystemI::createSoundInternal             : creating subsound 0/1
[LOG] SystemI::createSample                    : mode 02000202 length 31390 samples, lengthbytes 7168
[LOG] SystemI::createSample                    : channels = 2
[LOG] SystemI::createSample                    : output = 000000002CDB79E8
[LOG] OutputSoftware::createSample             : lengthpcm 31390, lengthbytes 7168, channels 2, format 2, freq 48000, mode 0200020a
[LOG] SystemI::createSoundInternal             : No name found in file, use filename.
[LOG] SystemI::createSoundInternal             : done.  OpenState now = FMOD_OPENSTATE_READY.

[LOG] SystemI::createSoundInternal             : filename =  : mode 02000202
[LOG] SystemI::createSoundInternal             : exinfo->cbsize             = 232
[LOG] SystemI::createSoundInternal             : exinfo->length             = 3621792
[LOG] SystemI::createSoundInternal             : exinfo->fileoffset         = 32800
[LOG] SystemI::createSoundInternal             : exinfo->numsubsounds       = 1
[LOG] SystemI::createSoundInternal             : exinfo->inclusionlist      = 000000002F69FB38
[LOG] SystemI::createSoundInternal             : exinfo->inclusionlistnum   = 1
[LOG] SystemI::createSoundInternal             : exinfo->suggestedsoundtype = 5
[LOG] SystemI::createSoundInternal             : exinfo->useropen           = 000007FEE47B5130
[LOG] SystemI::createSoundInternal             : exinfo->userclose          = 000007FEE47B5100
[LOG] SystemI::createSoundInternal             : exinfo->userread           = 000007FEE47B5200
[LOG] SystemI::createSoundInternal             : exinfo->userseek           = 000007FEE47B52B0
[LOG] SystemI::createSoundInternal             : exinfo->fileuserdata       = 000000002CF90878
[LOG] SystemI::createSoundInternal             : exinfo->initialseekpostype = 1
[LOG] SystemI::createSoundInternal             : Format has 1 subsounds.
[LOG] SystemI::createSoundInternal             : Create as FMOD_CREATESAMPLE
[LOG] SystemI::createSoundInternal             : Multi-sample sound (1 subsounds), create a sample container.
[LOG] SystemI::createSoundInternal             : creating subsound 0/1
[LOG] SystemI::createSample                    : mode 02000202 length 35825 samples, lengthbytes 8256
[LOG] SystemI::createSample                    : channels = 2
[LOG] SystemI::createSample                    : output = 000000002CDB79E8
[LOG] OutputSoftware::createSample             : lengthpcm 35825, lengthbytes 8256, channels 2, format 2, freq 48000, mode 0200020a
[LOG] SystemI::createSoundInternal             : No name found in file, use filename.
[LOG] SystemI::createSoundInternal             : done.  OpenState now = FMOD_OPENSTATE_READY.

[LOG] SystemI::createSoundInternal             : filename =  : mode 02000202
[LOG] SystemI::createSoundInternal             : exinfo->cbsize             = 232
[LOG] SystemI::createSoundInternal             : exinfo->length             = 3621792
[LOG] SystemI::createSoundInternal             : exinfo->fileoffset         = 32800
[LOG] SystemI::createSoundInternal             : exinfo->numsubsounds       = 1
[LOG] SystemI::createSoundInternal             : exinfo->inclusionlist      = 000000002F69FB38
[LOG] SystemI::createSoundInternal             : exinfo->inclusionlistnum   = 1
[LOG] SystemI::createSoundInternal             : exinfo->suggestedsoundtype = 5
[LOG] SystemI::createSoundInternal             : exinfo->useropen           = 000007FEE47B5130
[LOG] SystemI::createSoundInternal             : exinfo->userclose          = 000007FEE47B5100
[LOG] SystemI::createSoundInternal             : exinfo->userread           = 000007FEE47B5200
[LOG] SystemI::createSoundInternal             : exinfo->userseek           = 000007FEE47B52B0
[LOG] SystemI::createSoundInternal             : exinfo->fileuserdata       = 000000002CF90878
[LOG] SystemI::createSoundInternal             : exinfo->initialseekpostype = 1
[LOG] SystemI::createSoundInternal             : Format has 1 subsounds.
[LOG] SystemI::createSoundInternal             : Create as FMOD_CREATESAMPLE
[LOG] SystemI::createSoundInternal             : Multi-sample sound (1 subsounds), create a sample container.
[LOG] SystemI::createSoundInternal             : creating subsound 0/1
[LOG] SystemI::createSample                    : mode 02000202 length 29685 samples, lengthbytes 6592
[LOG] SystemI::createSample                    : channels = 2
[LOG] SystemI::createSample                    : output = 000000002CDB79E8
[LOG] OutputSoftware::createSample             : lengthpcm 29685, lengthbytes 6592, channels 2, format 2, freq 48000, mode 0200020a
[LOG] SystemI::createSoundInternal             : No name found in file, use filename.
[LOG] SystemI::createSoundInternal             : done.  OpenState now = FMOD_OPENSTATE_READY.

[LOG] SystemI::createSoundInternal             : filename =  : mode 02000202
[LOG] SystemI::createSoundInternal             : exinfo->cbsize             = 232
[LOG] SystemI::createSoundInternal             : exinfo->length             = 3621792
[LOG] SystemI::createSoundInternal             : exinfo->fileoffset         = 32800
[LOG] SystemI::createSoundInternal             : exinfo->numsubsounds       = 1
[LOG] SystemI::createSoundInternal             : exinfo->inclusionlist      = 000000002F69FB38
[LOG] SystemI::createSoundInternal             : exinfo->inclusionlistnum   = 1
[LOG] SystemI::createSoundInternal             : exinfo->suggestedsoundtype = 5
[LOG] SystemI::createSoundInternal             : exinfo->useropen           = 000007FEE47B5130
[LOG] SystemI::createSoundInternal             : exinfo->userclose          = 000007FEE47B5100
[LOG] SystemI::createSoundInternal             : exinfo->userread           = 000007FEE47B5200
[LOG] SystemI::createSoundInternal             : exinfo->userseek           = 000007FEE47B52B0
[LOG] SystemI::createSoundInternal             : exinfo->fileuserdata       = 000000002CF90878
[LOG] SystemI::createSoundInternal             : exinfo->initialseekpostype = 1
[LOG] SystemI::createSoundInternal             : Format has 1 subsounds.
[LOG] SystemI::createSoundInternal             : Create as FMOD_CREATESAMPLE
[LOG] SystemI::createSoundInternal             : Multi-sample sound (1 subsounds), create a sample container.
[LOG] SystemI::createSoundInternal             : creating subsound 0/1
[LOG] SystemI::createSample                    : mode 02000202 length 32770 samples, lengthbytes 7392
[LOG] SystemI::createSample                    : channels = 2
[LOG] SystemI::createSample                    : output = 000000002CDB79E8
[LOG] OutputSoftware::createSample             : lengthpcm 32770, lengthbytes 7392, channels 2, format 2, freq 48000, mode 0200020a
[LOG] SystemI::createSoundInternal             : No name found in file, use filename.
[LOG] SystemI::createSoundInternal             : done.  OpenState now = FMOD_OPENSTATE_READY.

[LOG] SystemI::createSoundInternal             : filename =  : mode 02000202
[LOG] SystemI::createSoundInternal             : exinfo->cbsize             = 232
[LOG] SystemI::createSoundInternal             : exinfo->length             = 3621792
[LOG] SystemI::createSoundInternal             : exinfo->fileoffset         = 32800
[LOG] SystemI::createSoundInternal             : exinfo->numsubsounds       = 1
[LOG] SystemI::createSoundInternal             : exinfo->inclusionlist      = 000000002F69FB38
[LOG] SystemI::createSoundInternal             : exinfo->inclusionlistnum   = 1
[LOG] SystemI::createSoundInternal             : exinfo->suggestedsoundtype = 5
[LOG] SystemI::createSoundInternal             : exinfo->useropen           = 000007FEE47B5130
[LOG] SystemI::createSoundInternal             : exinfo->userclose          = 000007FEE47B5100
[LOG] SystemI::createSoundInternal             : exinfo->userread           = 000007FEE47B5200
[LOG] SystemI::createSoundInternal             : exinfo->userseek           = 000007FEE47B52B0
[LOG] SystemI::createSoundInternal             : exinfo->fileuserdata       = 000000002CF90878
[LOG] SystemI::createSoundInternal             : exinfo->initialseekpostype = 1
[LOG] SystemI::createSoundInternal             : Format has 1 subsounds.
[LOG] SystemI::createSoundInternal             : Create as FMOD_CREATESAMPLE
[LOG] SystemI::createSoundInternal             : Multi-sample sound (1 subsounds), create a sample container.
[LOG] SystemI::createSoundInternal             : creating subsound 0/1
[LOG] SystemI::createSample                    : mode 02000202 length 35869 samples, lengthbytes 8096
[LOG] SystemI::createSample                    : channels = 2
[LOG] SystemI::createSample                    : output = 000000002CDB79E8
[LOG] OutputSoftware::createSample             : lengthpcm 35869, lengthbytes 8096, channels 2, format 2, freq 48000, mode 0200020a
[LOG] SystemI::createSoundInternal             : No name found in file, use filename.
[LOG] SystemI::createSoundInternal             : done.  OpenState now = FMOD_OPENSTATE_READY.

[LOG] SystemI::createSoundInternal             : filename =  : mode 02000202
[LOG] SystemI::createSoundInternal             : exinfo->cbsize             = 232
[LOG] SystemI::createSoundInternal             : exinfo->length             = 3621792
[LOG] SystemI::createSoundInternal             : exinfo->fileoffset         = 32800
[LOG] SystemI::createSoundInternal             : exinfo->numsubsounds       = 1
[LOG] SystemI::createSoundInternal             : exinfo->inclusionlist      = 000000002F69FB38
[LOG] SystemI::createSoundInternal             : exinfo->inclusionlistnum   = 1
[LOG] SystemI::createSoundInternal             : exinfo->suggestedsoundtype = 5
[LOG] SystemI::createSoundInternal             : exinfo->useropen           = 000007FEE47B5130
[LOG] SystemI::createSoundInternal             : exinfo->userclose          = 000007FEE47B5100
[LOG] SystemI::createSoundInternal             : exinfo->userread           = 000007FEE47B5200
[LOG] SystemI::createSoundInternal             : exinfo->userseek           = 000007FEE47B52B0
[LOG] SystemI::createSoundInternal             : exinfo->fileuserdata       = 000000002CF90878
[LOG] SystemI::createSoundInternal             : exinfo->initialseekpostype = 1
[LOG] SystemI::createSoundInternal             : Format has 1 subsounds.
[LOG] SystemI::createSoundInternal             : Create as FMOD_CREATESAMPLE
[LOG] SystemI::createSoundInternal             : Multi-sample sound (1 subsounds), create a sample container.
[LOG] SystemI::createSoundInternal             : creating subsound 0/1
[LOG] SystemI::createSample                    : mode 02000202 length 42090 samples, lengthbytes 9120
[LOG] SystemI::createSample                    : channels = 2
[LOG] SystemI::createSample                    : output = 000000002CDB79E8
[LOG] OutputSoftware::createSample             : lengthpcm 42090, lengthbytes 9120, channels 2, format 2, freq 48000, mode 0200020a
[LOG] SystemI::createSoundInternal             : No name found in file, use filename.
[LOG] SystemI::createSoundInternal             : done.  OpenState now = FMOD_OPENSTATE_READY.

[LOG] SystemI::createSoundInternal             : filename =  : mode 02000202
[LOG] SystemI::createSoundInternal             : exinfo->cbsize             = 232
[LOG] SystemI::createSoundInternal             : exinfo->length             = 3621792
[LOG] SystemI::createSoundInternal             : exinfo->fileoffset         = 32800
[LOG] SystemI::createSoundInternal             : exinfo->numsubsounds       = 1
[LOG] SystemI::createSoundInternal             : exinfo->inclusionlist      = 000000002F69FB38
[LOG] SystemI::createSoundInternal             : exinfo->inclusionlistnum   = 1
[LOG] SystemI::createSoundInternal             : exinfo->suggestedsoundtype = 5
[LOG] SystemI::createSoundInternal             : exinfo->useropen           = 000007FEE47B5130
[LOG] SystemI::createSoundInternal             : exinfo->userclose          = 000007FEE47B5100
[LOG] SystemI::createSoundInternal             : exinfo->userread           = 000007FEE47B5200
[LOG] SystemI::createSoundInternal             : exinfo->userseek           = 000007FEE47B52B0
[LOG] SystemI::createSoundInternal             : exinfo->fileuserdata       = 000000002CF90878
[LOG] SystemI::createSoundInternal             : exinfo->initialseekpostype = 1
[LOG] SystemI::createSoundInternal             : Format has 1 subsounds.
[LOG] SystemI::createSoundInternal             : Create as FMOD_CREATESAMPLE
[LOG] SystemI::createSoundInternal             : Multi-sample sound (1 subsounds), create a sample container.
[LOG] SystemI::createSoundInternal             : creating subsound 0/1
[LOG] SystemI::createSample                    : mode 02000202 length 171147 samples, lengthbytes 36448
[LOG] SystemI::createSample                    : channels = 2
[LOG] SystemI::createSample                    : output = 000000002CDB79E8
[LOG] OutputSoftware::createSample             : lengthpcm 171147, lengthbytes 36448, channels 2, format 2, freq 48000, mode 0200020a
[LOG] SystemI::createSoundInternal             : No name found in file, use filename.
[LOG] SystemI::createSoundInternal             : done.  OpenState now = FMOD_OPENSTATE_READY.

[LOG] SystemI::createSoundInternal             : filename =  : mode 02000202
[LOG] SystemI::createSoundInternal             : exinfo->cbsize             = 232
[LOG] SystemI::createSoundInternal             : exinfo->length             = 3621792
[LOG] SystemI::createSoundInternal             : exinfo->fileoffset         = 32800
[LOG] SystemI::createSoundInternal             : exinfo->numsubsounds       = 1
[LOG] SystemI::createSoundInternal             : exinfo->inclusionlist      = 000000002F69FB38
[LOG] SystemI::createSoundInternal             : exinfo->inclusionlistnum   = 1
[LOG] SystemI::createSoundInternal             : exinfo->suggestedsoundtype = 5
[LOG] SystemI::createSoundInternal             : exinfo->useropen           = 000007FEE47B5130
[LOG] SystemI::createSoundInternal             : exinfo->userclose          = 000007FEE47B5100
[LOG] SystemI::createSoundInternal             : exinfo->userread           = 000007FEE47B5200
[LOG] SystemI::createSoundInternal             : exinfo->userseek           = 000007FEE47B52B0
[LOG] SystemI::createSoundInternal             : exinfo->fileuserdata       = 000000002CF90878
[LOG] SystemI::createSoundInternal             : exinfo->initialseekpostype = 1
[LOG] SystemI::createSoundInternal             : Format has 1 subsounds.
[LOG] SystemI::createSoundInternal             : Create as FMOD_CREATESAMPLE
[LOG] SystemI::createSoundInternal             : Multi-sample sound (1 subsounds), create a sample container.
[LOG] SystemI::createSoundInternal             : creating subsound 0/1
[LOG] SystemI::createSample                    : mode 02000202 length 31812 samples, lengthbytes 7232
[LOG] SystemI::createSample                    : channels = 2
[LOG] SystemI::createSample                    : output = 000000002CDB79E8
[LOG] OutputSoftware::createSample             : lengthpcm 31812, lengthbytes 7232, channels 2, format 2, freq 48000, mode 0200020a
[LOG] SystemI::createSoundInternal             : No name found in file, use filename.
[LOG] SystemI::createSoundInternal             : done.  OpenState now = FMOD_OPENSTATE_READY.

[LOG] SystemI::createSoundInternal             : filename =  : mode 02000202
[LOG] SystemI::createSoundInternal             : exinfo->cbsize             = 232
[LOG] SystemI::createSoundInternal             : exinfo->length             = 3621792
[LOG] SystemI::createSoundInternal             : exinfo->fileoffset         = 32800
[LOG] SystemI::createSoundInternal             : exinfo->numsubsounds       = 1
[LOG] SystemI::createSoundInternal             : exinfo->inclusionlist      = 000000002F69FB38
[LOG] SystemI::createSoundInternal             : exinfo->inclusionlistnum   = 1
[LOG] SystemI::createSoundInternal             : exinfo->suggestedsoundtype = 5
[LOG] SystemI::createSoundInternal             : exinfo->useropen           = 000007FEE47B5130
[LOG] SystemI::createSoundInternal             : exinfo->userclose          = 000007FEE47B5100
[LOG] SystemI::createSoundInternal             : exinfo->userread           = 000007FEE47B5200
[LOG] SystemI::createSoundInternal             : exinfo->userseek           = 000007FEE47B52B0
[LOG] SystemI::createSoundInternal             : exinfo->fileuserdata       = 000000002CF90878
[LOG] SystemI::createSoundInternal             : exinfo->initialseekpostype = 1
[LOG] SystemI::createSoundInternal             : Format has 1 subsounds.
[LOG] SystemI::createSoundInternal             : Create as FMOD_CREATESAMPLE
[LOG] SystemI::createSoundInternal             : Multi-sample sound (1 subsounds), create a sample container.
[LOG] SystemI::createSoundInternal             : creating subsound 0/1
[LOG] SystemI::createSample                    : mode 02000202 length 52800 samples, lengthbytes 11488
[LOG] SystemI::createSample                    : channels = 2
[LOG] SystemI::createSample                    : output = 000000002CDB79E8
[LOG] OutputSoftware::createSample             : lengthpcm 52800, lengthbytes 11488, channels 2, format 2, freq 48000, mode 0200020a
[LOG] SystemI::createSoundInternal             : No name found in file, use filename.
[LOG] SystemI::createSoundInternal             : done.  OpenState now = FMOD_OPENSTATE_READY.

[LOG] SoundI::release                          :  (000000002C788E88)
[LOG] SoundI::release                          : release subsounds. (000000002C788E88)
[LOG] SoundI::release                          :     sfx_Footsteps_Metal_Marker 01 (000000002CF78F88)
[LOG] SoundI::release                          : release codec. (000000002C788E88)
[LOG] SoundI::release                          :  (000000002C7888C8)
[LOG] SoundI::release                          : release subsounds. (000000002C7888C8)
[LOG] SoundI::release                          :     sfx_Footsteps_Metal_Marker 02 (000000002CF7D318)
[LOG] SoundI::release                          : release codec. (000000002C7888C8)
[LOG] SoundI::release                          :  (000000002C7885E8)
[LOG] SoundI::release                          : release subsounds. (000000002C7885E8)
[LOG] SoundI::release                          :     sfx_Footsteps_Metal_Marker 03 (000000002CF7C698)
[LOG] SoundI::release                          : release codec. (000000002C7885E8)
[LOG] SoundI::release                          :  (000000002CF91FE8)
[LOG] SoundI::release                          : release subsounds. (000000002CF91FE8)
[LOG] SoundI::release                          :     sfx_Footsteps_Metal_Marker 04 (000000002CF792A8)
[LOG] SoundI::release                          : release codec. (000000002CF91FE8)
[LOG] SoundI::release                          :  (000000002CF91E78)
[LOG] SoundI::release                          : release subsounds. (000000002CF91E78)
[LOG] SoundI::release                          :     sfx__Footsteps _ Wood_ (000000002CF79438)
[LOG] SoundI::release                          : release codec. (000000002CF91E78)
[LOG] SoundI::release                          :  (000000002CF92438)
[LOG] SoundI::release                          : release subsounds. (000000002CF92438)
[LOG] SoundI::release                          :     sfx__Footsteps _ Wood_1 (000000002CF6FBD8)
[LOG] SoundI::release                          : release codec. (000000002CF92438)
[LOG] SoundI::release                          :  (000000002CD45C48)
[LOG] SoundI::release                          : release subsounds. (000000002CD45C48)
[LOG] SoundI::release                          :     sfx__Footsteps _ Wood_2 (000000002CF709E8)
[LOG] SoundI::release                          : release codec. (000000002CD45C48)
[LOG] SoundI::release                          :  (000000002C788A38)
[LOG] SoundI::release                          : release subsounds. (000000002C788A38)
[LOG] SoundI::release                          :     sfx__Footsteps _ Wood_3 (000000002CF7C828)
[LOG] SoundI::release                          : release codec. (000000002C788A38)
[LOG] SoundI::release                          :  (000000002CF922C8)
[LOG] SoundI::release                          : release subsounds. (000000002CF922C8)
[LOG] SoundI::release                          :     sfx__Footsteps _ Wood_4 (000000002CF70088)
[LOG] SoundI::release                          : release codec. (000000002CF922C8)
[LOG] SoundI::release                          :  (000000002CF92158)
[LOG] SoundI::release                          : release subsounds. (000000002CF92158)
[LOG] SoundI::release                          :     sfx_Footsteps_Snow_01 (000000002CF70218)
[LOG] SoundI::release                          : release codec. (000000002CF92158)
[LOG] SoundI::release                          :  (000000002C788758)
[LOG] SoundI::release                          : release subsounds. (000000002C788758)
[LOG] SoundI::release                          :     sfx_Footsteps_Snow_02 (000000002CF7C9B8)
[LOG] SoundI::release                          : release codec. (000000002C788758)
[LOG] SoundI::release                          :  (000000002CD45AD8)
[LOG] SoundI::release                          : release subsounds. (000000002CD45AD8)
[LOG] SoundI::release                          :     sfx_Footsteps_Snow_03 (000000002CF6FD68)
[LOG] SoundI::release                          : release codec. (000000002CD45AD8)
[LOG] SoundI::release                          :  (000000002C789168)
[LOG] SoundI::release                          : release subsounds. (000000002C789168)
[LOG] SoundI::release                          :     sfx_Footsteps_Snow_04 (000000002CF78AD8)
[LOG] SoundI::release                          : release codec. (000000002C789168)
[LOG] SoundI::release                          :  (000000002C788BA8)
[LOG] SoundI::release                          : release subsounds. (000000002C788BA8)
[LOG] SoundI::release                          :     sfx_Splash1 (000000002CF79118)
[LOG] SoundI::release                          : release codec. (000000002C788BA8)
[LOG] SoundI::release                          :  (000000002C788FF8)
[LOG] SoundI::release                          : release subsounds. (000000002C788FF8)
[LOG] SoundI::release                          :     sfx_Splash2 (000000002CF798E8)
[LOG] SoundI::release                          : release codec. (000000002C788FF8)
[LOG] SoundI::release                          :  (000000002CD45968)
[LOG] SoundI::release                          : release subsounds. (000000002CD45968)
[LOG] SoundI::release                          :     sfx_Splash3 (000000002CF703A8)
[LOG] SoundI::release                          : release codec. (000000002CD45968)
[LOG] SoundI::release                          :  (000000002C788D18)
[LOG] SoundI::release                          : release subsounds. (000000002C788D18)
[LOG] SoundI::release                          :     sfx_Swimming (000000002CF78DF8)
[LOG] SoundI::release                          : release codec. (000000002C788D18)
[LOG] Thread::callback                         : * FMOD Studio update thread finished
[LOG] Thread::close                            : FMOD Studio update thread thread destroyed
[LOG] Thread::callback                         : * FMOD Studio bank load thread finished
[LOG] Thread::close                            : FMOD Studio bank load thread thread destroyed
[LOG] Profile::disconnectAll                   : Profiler disconnecting all clients
[LOG] Thread::callback                         : * FMOD Studio sample load thread finished
[LOG] Thread::close                            : FMOD Studio sample load thread thread destroyed
[LOG] LiveUpdate::release                      : 
[LOG] LiveUpdate::reset                        : Reset connection (reason Disconnected)
[LOG] SystemI::close                           : 
[LOG] SystemI::close                           : Stop all sounds
[LOG] Thread::callback                         : * FMOD stream thread finished
[LOG] Thread::close                            : FMOD stream thread thread destroyed
[LOG] SystemI::close                           : Stream thread destroyed
[LOG] Thread::callback                         : * FMOD mixer thread finished
[LOG] Thread::close                            : FMOD mixer thread thread destroyed
[LOG] SystemI::close                           : Free master channel group.
[LOG] SystemI::close                           : Remove 'master' sound group.
[LOG] SystemI::close                           : Free software output.
[LOG] SystemI::close                           : Free emulated output.
[LOG] SystemI::close                           : Free channel pool.
[LOG] SystemI::close                           : done.

